<?xml version="1.0" encoding="UTF-8"?>
<!-- Generated by org.testng.reporters.JUnitXMLReporter -->
<testsuite ignored="0" hostname="DESKTOP-PORQCT3" failures="0" tests="6" name="firefox" time="0.202" errors="0" timestamp="2022-09-09T16:23:03 IST">
  <testcase classname="Test.TestclassA" name="testA" time="0.019"/>
  <testcase classname="Test.TestclassB$TestclassA" name="testA" time="0.002"/>
  <testcase classname="Test.TestclassA" name="testC" time="0.007"/>
  <testcase classname="Test.TestclassB$TestclassA" name="testC" time="0.006"/>
  <testcase classname="Test.TestclassA" name="testB" time="0.003"/>
  <testcase classname="Test.TestclassB$TestclassA" name="testB" time="0.022"/>
</testsuite> <!-- firefox -->
