<?xml version="1.0" encoding="UTF-8"?>
<!-- Generated by org.testng.reporters.JUnitXMLReporter -->
<testsuite ignored="0" hostname="DESKTOP-PORQCT3" failures="2" tests="6" name="Test" time="0.178" errors="0" timestamp="2022-09-06T17:58:34 IST">
  <testcase classname="Test.TestclassB$TestclassA" name="testC" time="0.013"/>
  <testcase classname="Test.TestclassA" name="testC" time="0.003"/>
  <testcase classname="Test.TestclassB$TestclassA" name="testB" time="0.006">
    <failure type="java.lang.AssertionError" message="null">
      <![CDATA[java.lang.AssertionError: null
at Test.TestclassB$TestclassA.testB(TestclassB.java:35)
at java.base/java.util.ArrayList.forEach(ArrayList.java:1511)
... Removed 29 stack frames]]>
    </failure>
  </testcase> <!-- testB -->
  <testcase classname="Test.TestclassB$TestclassA" name="testA" time="0.0">
    <skipped/>
  </testcase> <!-- testA -->
  <testcase classname="Test.TestclassA" name="testB" time="0.002">
    <failure type="java.lang.AssertionError" message="null">
      <![CDATA[java.lang.AssertionError: null
at Test.TestclassA.testB(TestclassA.java:41)
at java.base/java.util.ArrayList.forEach(ArrayList.java:1511)
... Removed 29 stack frames]]>
    </failure>
  </testcase> <!-- testB -->
  <testcase classname="Test.TestclassA" name="testA" time="0.0">
    <skipped/>
  </testcase> <!-- testA -->
</testsuite> <!-- Test -->
